<?xml version="1.0" encoding="UTF-8"?>
<!-- Generated by org.testng.reporters.JUnitReportReporter -->
<testsuite hostname="S-ELMOSALAMY" failures="0" tests="1" name="testcases.kuwaitTestCases" time="23.073" errors="0" timestamp="2023-04-30T14:57:25 EET" skipped="0">
  <testcase classname="testcases.kuwaitTestCases" name="kuwait_Currency_assertion" time="23.073"/>
  <system-out/>
</testsuite> <!-- testcases.kuwaitTestCases -->
