<?xml version="1.0" encoding="UTF-8"?>
<!-- Generated by org.testng.reporters.JUnitReportReporter -->
<testsuite hostname="S-ELMOSALAMY" failures="0" tests="1" name="testcases.NewTest" time="0.003" errors="0" timestamp="2023-04-30T09:54:46 EET" skipped="0">
  <testcase classname="testcases.NewTest" name="f" time="0.003"/>
  <system-out/>
</testsuite> <!-- testcases.NewTest -->
