<?xml version="1.0" encoding="UTF-8"?>
<!-- Generated by org.testng.reporters.JUnitReportReporter -->
<testsuite hostname="S-ELMOSALAMY" failures="0" tests="1" name="testcases.TestCases" time="29.964" errors="0" timestamp="2023-04-30T14:24:25 EET" skipped="0">
  <testcase classname="testcases.TestCases" name="saudiArabia_Currency_assertion" time="29.964"/>
  <system-out/>
</testsuite> <!-- testcases.TestCases -->
